C:\USERS\ADMINISTRATOR\DROPBOX\OPENSOURCE\PROJECTFILE\OPENSOURCE\RELEASE\ZIARP.EXE
C:\USERS\ADMINISTRATOR\DROPBOX\OPENSOURCE\PROJECTFILE\OPENSOURCE\RELEASE\ZIARP.PDB
C:\USERS\ADMINISTRATOR\DROPBOX\OPENSOURCE\PROJECTFILE\OPENSOURCE\ZIARP\RELEASE\ARP_SCANNING.OBJ
C:\Users\Administrator\Dropbox\OpenSource\ProjectFile\OpenSource\ziARP\Release\cl.command.1.tlog
C:\Users\Administrator\Dropbox\OpenSource\ProjectFile\OpenSource\ziARP\Release\CL.read.1.tlog
C:\Users\Administrator\Dropbox\OpenSource\ProjectFile\OpenSource\ziARP\Release\CL.write.1.tlog
C:\USERS\ADMINISTRATOR\DROPBOX\OPENSOURCE\PROJECTFILE\OPENSOURCE\ZIARP\RELEASE\DATAS.OBJ
C:\USERS\ADMINISTRATOR\DROPBOX\OPENSOURCE\PROJECTFILE\OPENSOURCE\ZIARP\RELEASE\DEFENCE.OBJ
C:\USERS\ADMINISTRATOR\DROPBOX\OPENSOURCE\PROJECTFILE\OPENSOURCE\ZIARP\RELEASE\DETECT_ENGIN.OBJ
C:\USERS\ADMINISTRATOR\DROPBOX\OPENSOURCE\PROJECTFILE\OPENSOURCE\ZIARP\RELEASE\ENGIN.OBJ
C:\USERS\ADMINISTRATOR\DROPBOX\OPENSOURCE\PROJECTFILE\OPENSOURCE\ZIARP\RELEASE\GET_INFO.OBJ
C:\USERS\ADMINISTRATOR\DROPBOX\OPENSOURCE\PROJECTFILE\OPENSOURCE\ZIARP\RELEASE\GETDEVICE.OBJ
C:\USERS\ADMINISTRATOR\DROPBOX\OPENSOURCE\PROJECTFILE\OPENSOURCE\ZIARP\RELEASE\GUI_MAIN.OBJ
C:\USERS\ADMINISTRATOR\DROPBOX\OPENSOURCE\PROJECTFILE\OPENSOURCE\ZIARP\RELEASE\GUI_RIGHT.OBJ
C:\Users\Administrator\Dropbox\OpenSource\ProjectFile\OpenSource\ziARP\Release\link.command.1.tlog
C:\Users\Administrator\Dropbox\OpenSource\ProjectFile\OpenSource\ziARP\Release\link.read.1.tlog
C:\Users\Administrator\Dropbox\OpenSource\ProjectFile\OpenSource\ziARP\Release\link.write.1.tlog
C:\Users\Administrator\Dropbox\OpenSource\ProjectFile\OpenSource\ziARP\Release\link-cvtres.read.1.tlog
C:\Users\Administrator\Dropbox\OpenSource\ProjectFile\OpenSource\ziARP\Release\link-cvtres.write.1.tlog
C:\USERS\ADMINISTRATOR\DROPBOX\OPENSOURCE\PROJECTFILE\OPENSOURCE\ZIARP\RELEASE\LOG.OBJ
C:\Users\Administrator\Dropbox\OpenSource\ProjectFile\OpenSource\ziARP\Release\mt.command.1.tlog
C:\Users\Administrator\Dropbox\OpenSource\ProjectFile\OpenSource\ziARP\Release\mt.read.1.tlog
C:\Users\Administrator\Dropbox\OpenSource\ProjectFile\OpenSource\ziARP\Release\mt.write.1.tlog
C:\USERS\ADMINISTRATOR\DROPBOX\OPENSOURCE\PROJECTFILE\OPENSOURCE\ZIARP\RELEASE\OP_LIST.OBJ
C:\USERS\ADMINISTRATOR\DROPBOX\OPENSOURCE\PROJECTFILE\OPENSOURCE\ZIARP\RELEASE\OPENDEVICE.OBJ
C:\USERS\ADMINISTRATOR\DROPBOX\OPENSOURCE\PROJECTFILE\OPENSOURCE\ZIARP\RELEASE\OUI.OBJ
C:\Users\Administrator\Dropbox\OpenSource\ProjectFile\OpenSource\ziARP\Release\rc.command.1.tlog
C:\Users\Administrator\Dropbox\OpenSource\ProjectFile\OpenSource\ziARP\Release\rc.read.1.tlog
C:\Users\Administrator\Dropbox\OpenSource\ProjectFile\OpenSource\ziARP\Release\rc.write.1.tlog
C:\USERS\ADMINISTRATOR\DROPBOX\OPENSOURCE\PROJECTFILE\OPENSOURCE\ZIARP\RELEASE\SPOOF_LIST.OBJ
C:\USERS\ADMINISTRATOR\DROPBOX\OPENSOURCE\PROJECTFILE\OPENSOURCE\ZIARP\RELEASE\VC100.PDB
C:\USERS\ADMINISTRATOR\DROPBOX\OPENSOURCE\PROJECTFILE\OPENSOURCE\ZIARP\RELEASE\ZIARP.EXE.INTERMEDIATE.MANIFEST
C:\USERS\ADMINISTRATOR\DROPBOX\OPENSOURCE\PROJECTFILE\OPENSOURCE\ZIARP\RELEASE\ZIARP.RES
C:\USERS\박이삭\DROPBOX\OPENSOURCE\PROJECTFILE\OPENSOURCE\ZIARP\RELEASE\ARP_SCANNING.OBJ
C:\USERS\박이삭\DROPBOX\OPENSOURCE\PROJECTFILE\OPENSOURCE\ZIARP\RELEASE\DATAS.OBJ
C:\USERS\박이삭\DROPBOX\OPENSOURCE\PROJECTFILE\OPENSOURCE\ZIARP\RELEASE\DEFENCE.OBJ
C:\USERS\박이삭\DROPBOX\OPENSOURCE\PROJECTFILE\OPENSOURCE\ZIARP\RELEASE\DETECT_ENGIN.OBJ
C:\USERS\박이삭\DROPBOX\OPENSOURCE\PROJECTFILE\OPENSOURCE\ZIARP\RELEASE\ENGIN.OBJ
C:\USERS\박이삭\DROPBOX\OPENSOURCE\PROJECTFILE\OPENSOURCE\ZIARP\RELEASE\GET_INFO.OBJ
C:\USERS\박이삭\DROPBOX\OPENSOURCE\PROJECTFILE\OPENSOURCE\ZIARP\RELEASE\GETDEVICE.OBJ
C:\USERS\박이삭\DROPBOX\OPENSOURCE\PROJECTFILE\OPENSOURCE\ZIARP\RELEASE\GUI_MAIN.OBJ
C:\USERS\박이삭\DROPBOX\OPENSOURCE\PROJECTFILE\OPENSOURCE\ZIARP\RELEASE\GUI_RIGHT.OBJ
C:\USERS\박이삭\DROPBOX\OPENSOURCE\PROJECTFILE\OPENSOURCE\ZIARP\RELEASE\LOG.OBJ
C:\USERS\박이삭\DROPBOX\OPENSOURCE\PROJECTFILE\OPENSOURCE\ZIARP\RELEASE\OP_LIST.OBJ
C:\USERS\박이삭\DROPBOX\OPENSOURCE\PROJECTFILE\OPENSOURCE\ZIARP\RELEASE\OPENDEVICE.OBJ
C:\USERS\박이삭\DROPBOX\OPENSOURCE\PROJECTFILE\OPENSOURCE\ZIARP\RELEASE\OUI.OBJ
C:\USERS\박이삭\DROPBOX\OPENSOURCE\PROJECTFILE\OPENSOURCE\ZIARP\RELEASE\SPOOF_LIST.OBJ
C:\USERS\박이삭\DROPBOX\OPENSOURCE\PROJECTFILE\OPENSOURCE\ZIARP\RELEASE\VC100.PDB
C:\USERS\박이삭\DROPBOX\OPENSOURCE\PROJECTFILE\OPENSOURCE\ZIARP\RELEASE\ZIARP.RES
