빌드 시작: 2012-08-07 오후 9:38:10
     1>2 노드의 "C:\Users\Administrator\Dropbox\OpenSource\ProjectFile\OpenSource\ziARP\ziARP.vcxproj" 프로젝트(build 대상)입니다.
     1>InitializeBuildStatus:
         "AlwaysCreate"이(가) 지정되었기 때문에 "Debug\ziARP.unsuccessfulbuild"을(를) 만들고 있습니다.
       ClCompile:
         모든 출력이 최신 상태입니다.
       ResourceCompile:
         모든 출력이 최신 상태입니다.
       ManifestResourceCompile:
         모든 출력이 최신 상태입니다.
       Link:
         모든 출력이 최신 상태입니다.
         C:\Program Files\Microsoft Visual Studio 10.0\VC\bin\link.exe /ERRORREPORT:PROMPT /OUT:"C:\Users\Administrator\Dropbox\OpenSource\ProjectFile\OpenSource\Debug\ziARP.exe" /INCREMENTAL /NOLOGO comctl32.lib wpcap.lib kernel32.lib user32.lib gdi32.lib winspool.lib comdlg32.lib advapi32.lib shell32.lib ole32.lib oleaut32.lib uuid.lib odbc32.lib odbccp32.lib /MANIFEST /ManifestFile:"Debug\ziARP.exe.intermediate.manifest" /MANIFESTUAC:"level='requireAdministrator' uiAccess='false'" /DEBUG /PDB:"C:\Users\Administrator\Dropbox\OpenSource\ProjectFile\OpenSource\Debug\ziARP.pdb" /SUBSYSTEM:WINDOWS /TLBID:1 /DYNAMICBASE /NXCOMPAT /IMPLIB:"C:\Users\Administrator\Dropbox\OpenSource\ProjectFile\OpenSource\Debug\ziARP.lib" /MACHINE:X86 Debug\ziARP.res
         Debug\ziARP.exe.embed.manifest.res
         Debug\arp_scanning.obj
         Debug\datas.obj
         Debug\defence.obj
         Debug\engin.obj
         Debug\getDevice.obj
         Debug\get_info.obj
         Debug\GUI_Right.obj
         Debug\log.obj
         Debug\openDevice.obj
         Debug\GUI_Main.obj
         Debug\op_list.obj
         Debug\oui.obj
         Debug\detect_engin.obj
         Debug\spoof_list.obj
       Manifest:
         C:\Program Files\Microsoft SDKs\Windows\v7.0A\bin\mt.exe /nologo /verbose /out:"Debug\ziARP.exe.embed.manifest" /manifest Debug\ziARP.exe.intermediate.manifest
         C:\Program Files\Microsoft SDKs\Windows\v7.0A\bin\rc.exe /nologo /fo"Debug\ziARP.exe.embed.manifest.res" Debug\ziARP_manifest.rc 
       LinkEmbedManifest:
         C:\Program Files\Microsoft Visual Studio 10.0\VC\bin\link.exe /ERRORREPORT:PROMPT /OUT:"C:\Users\Administrator\Dropbox\OpenSource\ProjectFile\OpenSource\Debug\ziARP.exe" /INCREMENTAL /NOLOGO comctl32.lib wpcap.lib kernel32.lib user32.lib gdi32.lib winspool.lib comdlg32.lib advapi32.lib shell32.lib ole32.lib oleaut32.lib uuid.lib odbc32.lib odbccp32.lib /MANIFEST /ManifestFile:"Debug\ziARP.exe.intermediate.manifest" /MANIFESTUAC:"level='requireAdministrator' uiAccess='false'" /DEBUG /PDB:"C:\Users\Administrator\Dropbox\OpenSource\ProjectFile\OpenSource\Debug\ziARP.pdb" /SUBSYSTEM:WINDOWS /TLBID:1 /DYNAMICBASE /NXCOMPAT /IMPLIB:"C:\Users\Administrator\Dropbox\OpenSource\ProjectFile\OpenSource\Debug\ziARP.lib" /MACHINE:X86 Debug\ziARP.res
         Debug\ziARP.exe.embed.manifest.res
         Debug\arp_scanning.obj
         Debug\datas.obj
         Debug\defence.obj
         Debug\engin.obj
         Debug\getDevice.obj
         Debug\get_info.obj
         Debug\GUI_Right.obj
         Debug\log.obj
         Debug\openDevice.obj
         Debug\GUI_Main.obj
         Debug\op_list.obj
         Debug\oui.obj
         Debug\detect_engin.obj
         Debug\spoof_list.obj
         ziARP.vcxproj -> C:\Users\Administrator\Dropbox\OpenSource\ProjectFile\OpenSource\Debug\ziARP.exe
       FinalizeBuildStatus:
         "Debug\ziARP.unsuccessfulbuild" 파일을 삭제하고 있습니다.
         "Debug\ziARP.lastbuildstate"에 연결(touching)하고 있습니다.
     1>"C:\Users\Administrator\Dropbox\OpenSource\ProjectFile\OpenSource\ziARP\ziARP.vcxproj" 프로젝트를 빌드했습니다(build 대상).

빌드했습니다.

경과 시간: 00:00:02.38
