C:\USERS\ADMINISTRATOR\DROPBOX\OPENSOURCE\PROJECTFILE\OPENSOURCE\DEBUG\OPENSOURCE.EXE
C:\USERS\ADMINISTRATOR\DROPBOX\OPENSOURCE\PROJECTFILE\OPENSOURCE\DEBUG\OPENSOURCE.ILK
C:\USERS\ADMINISTRATOR\DROPBOX\OPENSOURCE\PROJECTFILE\OPENSOURCE\DEBUG\OPENSOURCE.PDB
C:\Users\Administrator\Dropbox\OpenSource\ProjectFile\OpenSource\Debug\ziARP.pdb
C:\USERS\ADMINISTRATOR\DROPBOX\OPENSOURCE\PROJECTFILE\OPENSOURCE\OPENSOURCE\DEBUG\ARP_SCANNING.OBJ
C:\USERS\ADMINISTRATOR\DROPBOX\OPENSOURCE\PROJECTFILE\OPENSOURCE\OPENSOURCE\DEBUG\DATAS.OBJ
C:\USERS\ADMINISTRATOR\DROPBOX\OPENSOURCE\PROJECTFILE\OPENSOURCE\OPENSOURCE\DEBUG\DEFENCE.OBJ
C:\USERS\ADMINISTRATOR\DROPBOX\OPENSOURCE\PROJECTFILE\OPENSOURCE\OPENSOURCE\DEBUG\DEFENSE.OBJ
C:\USERS\ADMINISTRATOR\DROPBOX\OPENSOURCE\PROJECTFILE\OPENSOURCE\OPENSOURCE\DEBUG\DETECT_ENGIN.OBJ
C:\USERS\ADMINISTRATOR\DROPBOX\OPENSOURCE\PROJECTFILE\OPENSOURCE\OPENSOURCE\DEBUG\ENGIN.OBJ
C:\USERS\ADMINISTRATOR\DROPBOX\OPENSOURCE\PROJECTFILE\OPENSOURCE\OPENSOURCE\DEBUG\GET_INFO.OBJ
C:\USERS\ADMINISTRATOR\DROPBOX\OPENSOURCE\PROJECTFILE\OPENSOURCE\OPENSOURCE\DEBUG\GETDEVICE.OBJ
C:\USERS\ADMINISTRATOR\DROPBOX\OPENSOURCE\PROJECTFILE\OPENSOURCE\OPENSOURCE\DEBUG\GUI_MAIN.OBJ
C:\USERS\ADMINISTRATOR\DROPBOX\OPENSOURCE\PROJECTFILE\OPENSOURCE\OPENSOURCE\DEBUG\GUI_RIGHT.OBJ
C:\USERS\ADMINISTRATOR\DROPBOX\OPENSOURCE\PROJECTFILE\OPENSOURCE\OPENSOURCE\DEBUG\LOG.OBJ
C:\USERS\ADMINISTRATOR\DROPBOX\OPENSOURCE\PROJECTFILE\OPENSOURCE\OPENSOURCE\DEBUG\OP_LIST.OBJ
C:\USERS\ADMINISTRATOR\DROPBOX\OPENSOURCE\PROJECTFILE\OPENSOURCE\OPENSOURCE\DEBUG\OPENDEVICE.OBJ
C:\USERS\ADMINISTRATOR\DROPBOX\OPENSOURCE\PROJECTFILE\OPENSOURCE\OPENSOURCE\DEBUG\OPENSOURCE.EXE.EMBED.MANIFEST.RES
C:\USERS\ADMINISTRATOR\DROPBOX\OPENSOURCE\PROJECTFILE\OPENSOURCE\OPENSOURCE\DEBUG\OPENSOURCE.EXE.INTERMEDIATE.MANIFEST
C:\USERS\ADMINISTRATOR\DROPBOX\OPENSOURCE\PROJECTFILE\OPENSOURCE\OPENSOURCE\DEBUG\OPENSOURCE.OBJ
C:\USERS\ADMINISTRATOR\DROPBOX\OPENSOURCE\PROJECTFILE\OPENSOURCE\OPENSOURCE\DEBUG\OPENSOURCE.RES
C:\USERS\ADMINISTRATOR\DROPBOX\OPENSOURCE\PROJECTFILE\OPENSOURCE\OPENSOURCE\DEBUG\OUI.OBJ
C:\USERS\ADMINISTRATOR\DROPBOX\OPENSOURCE\PROJECTFILE\OPENSOURCE\OPENSOURCE\DEBUG\REPLY_DETECT.OBJ
C:\USERS\ADMINISTRATOR\DROPBOX\OPENSOURCE\PROJECTFILE\OPENSOURCE\OPENSOURCE\DEBUG\REPLYARP.OBJ
C:\USERS\ADMINISTRATOR\DROPBOX\OPENSOURCE\PROJECTFILE\OPENSOURCE\OPENSOURCE\DEBUG\SPOOF_LIST.OBJ
C:\USERS\ADMINISTRATOR\DROPBOX\OPENSOURCE\PROJECTFILE\OPENSOURCE\OPENSOURCE\DEBUG\VC100.PDB
C:\USERS\ADMINISTRATOR\DROPBOX\OPENSOURCE\PROJECTFILE\OPENSOURCE\OPENSOURCE\DEBUG\VENDOR_SEARCH.OBJ
C:\USERS\ADMINISTRATOR\DROPBOX\OPENSOURCE\PROJECTFILE\OPENSOURCE\OPENSOURCE\DEBUG\VERIFY_MAC.OBJ
C:\USERS\ADMINISTRATOR\DROPBOX\OPENSOURCE\PROJECTFILE\OPENSOURCE\ZIARP\DEBUG\ARP_SCANNING.OBJ
C:\Users\Administrator\Dropbox\OpenSource\ProjectFile\OpenSource\ziARP\Debug\cl.command.1.tlog
C:\Users\Administrator\Dropbox\OpenSource\ProjectFile\OpenSource\ziARP\Debug\CL.read.1 (Isaac Park's conflicted copy 2012-08-06).tlog
C:\Users\Administrator\Dropbox\OpenSource\ProjectFile\OpenSource\ziARP\Debug\CL.read.1.tlog
C:\Users\Administrator\Dropbox\OpenSource\ProjectFile\OpenSource\ziARP\Debug\CL.write.1.tlog
C:\USERS\ADMINISTRATOR\DROPBOX\OPENSOURCE\PROJECTFILE\OPENSOURCE\ZIARP\DEBUG\DATAS.OBJ
C:\USERS\ADMINISTRATOR\DROPBOX\OPENSOURCE\PROJECTFILE\OPENSOURCE\ZIARP\DEBUG\DEFENCE.OBJ
C:\USERS\ADMINISTRATOR\DROPBOX\OPENSOURCE\PROJECTFILE\OPENSOURCE\ZIARP\DEBUG\DETECT_ENGIN.OBJ
C:\USERS\ADMINISTRATOR\DROPBOX\OPENSOURCE\PROJECTFILE\OPENSOURCE\ZIARP\DEBUG\ENGIN.OBJ
C:\USERS\ADMINISTRATOR\DROPBOX\OPENSOURCE\PROJECTFILE\OPENSOURCE\ZIARP\DEBUG\GET_INFO.OBJ
C:\USERS\ADMINISTRATOR\DROPBOX\OPENSOURCE\PROJECTFILE\OPENSOURCE\ZIARP\DEBUG\GETDEVICE.OBJ
C:\USERS\ADMINISTRATOR\DROPBOX\OPENSOURCE\PROJECTFILE\OPENSOURCE\ZIARP\DEBUG\GUI_MAIN.OBJ
C:\USERS\ADMINISTRATOR\DROPBOX\OPENSOURCE\PROJECTFILE\OPENSOURCE\ZIARP\DEBUG\GUI_RIGHT.OBJ
C:\Users\Administrator\Dropbox\OpenSource\ProjectFile\OpenSource\ziARP\Debug\link.1216.read.1.tlog
C:\Users\Administrator\Dropbox\OpenSource\ProjectFile\OpenSource\ziARP\Debug\link.1216.write.1.tlog
C:\Users\Administrator\Dropbox\OpenSource\ProjectFile\OpenSource\ziARP\Debug\link.1216-cvtres.read.1.tlog
C:\Users\Administrator\Dropbox\OpenSource\ProjectFile\OpenSource\ziARP\Debug\link.1216-cvtres.write.1.tlog
C:\Users\Administrator\Dropbox\OpenSource\ProjectFile\OpenSource\ziARP\Debug\link.1368.read.1.tlog
C:\Users\Administrator\Dropbox\OpenSource\ProjectFile\OpenSource\ziARP\Debug\link.1368.write.1.tlog
C:\Users\Administrator\Dropbox\OpenSource\ProjectFile\OpenSource\ziARP\Debug\link.1368-cvtres.read.1.tlog
C:\Users\Administrator\Dropbox\OpenSource\ProjectFile\OpenSource\ziARP\Debug\link.1368-cvtres.write.1.tlog
C:\Users\Administrator\Dropbox\OpenSource\ProjectFile\OpenSource\ziARP\Debug\link.1528.read.1.tlog
C:\Users\Administrator\Dropbox\OpenSource\ProjectFile\OpenSource\ziARP\Debug\link.1528.write.1.tlog
C:\Users\Administrator\Dropbox\OpenSource\ProjectFile\OpenSource\ziARP\Debug\link.1528-cvtres.read.1.tlog
C:\Users\Administrator\Dropbox\OpenSource\ProjectFile\OpenSource\ziARP\Debug\link.1528-cvtres.write.1.tlog
C:\Users\Administrator\Dropbox\OpenSource\ProjectFile\OpenSource\ziARP\Debug\link.1928.read.1.tlog
C:\Users\Administrator\Dropbox\OpenSource\ProjectFile\OpenSource\ziARP\Debug\link.1928.write.1.tlog
C:\Users\Administrator\Dropbox\OpenSource\ProjectFile\OpenSource\ziARP\Debug\link.1928-cvtres.read.1.tlog
C:\Users\Administrator\Dropbox\OpenSource\ProjectFile\OpenSource\ziARP\Debug\link.1928-cvtres.write.1.tlog
C:\Users\Administrator\Dropbox\OpenSource\ProjectFile\OpenSource\ziARP\Debug\link.252.read.1.tlog
C:\Users\Administrator\Dropbox\OpenSource\ProjectFile\OpenSource\ziARP\Debug\link.252.write.1.tlog
C:\Users\Administrator\Dropbox\OpenSource\ProjectFile\OpenSource\ziARP\Debug\link.252-cvtres.read.1.tlog
C:\Users\Administrator\Dropbox\OpenSource\ProjectFile\OpenSource\ziARP\Debug\link.252-cvtres.write.1.tlog
C:\Users\Administrator\Dropbox\OpenSource\ProjectFile\OpenSource\ziARP\Debug\link.2848.read.1.tlog
C:\Users\Administrator\Dropbox\OpenSource\ProjectFile\OpenSource\ziARP\Debug\link.2848.write.1.tlog
C:\Users\Administrator\Dropbox\OpenSource\ProjectFile\OpenSource\ziARP\Debug\link.2848-cvtres.read.1.tlog
C:\Users\Administrator\Dropbox\OpenSource\ProjectFile\OpenSource\ziARP\Debug\link.2848-cvtres.write.1.tlog
C:\Users\Administrator\Dropbox\OpenSource\ProjectFile\OpenSource\ziARP\Debug\link.2860.read.1.tlog
C:\Users\Administrator\Dropbox\OpenSource\ProjectFile\OpenSource\ziARP\Debug\link.2860.write.1.tlog
C:\Users\Administrator\Dropbox\OpenSource\ProjectFile\OpenSource\ziARP\Debug\link.2860-cvtres.read.1.tlog
C:\Users\Administrator\Dropbox\OpenSource\ProjectFile\OpenSource\ziARP\Debug\link.2860-cvtres.write.1.tlog
C:\Users\Administrator\Dropbox\OpenSource\ProjectFile\OpenSource\ziARP\Debug\link.2968.read.1.tlog
C:\Users\Administrator\Dropbox\OpenSource\ProjectFile\OpenSource\ziARP\Debug\link.2968.write.1.tlog
C:\Users\Administrator\Dropbox\OpenSource\ProjectFile\OpenSource\ziARP\Debug\link.2968-cvtres.read.1.tlog
C:\Users\Administrator\Dropbox\OpenSource\ProjectFile\OpenSource\ziARP\Debug\link.2968-cvtres.write.1.tlog
C:\Users\Administrator\Dropbox\OpenSource\ProjectFile\OpenSource\ziARP\Debug\link.3740.read.1.tlog
C:\Users\Administrator\Dropbox\OpenSource\ProjectFile\OpenSource\ziARP\Debug\link.3740.write.1.tlog
C:\Users\Administrator\Dropbox\OpenSource\ProjectFile\OpenSource\ziARP\Debug\link.3740-cvtres.read.1.tlog
C:\Users\Administrator\Dropbox\OpenSource\ProjectFile\OpenSource\ziARP\Debug\link.3740-cvtres.write.1.tlog
C:\Users\Administrator\Dropbox\OpenSource\ProjectFile\OpenSource\ziARP\Debug\link.4068.read.1.tlog
C:\Users\Administrator\Dropbox\OpenSource\ProjectFile\OpenSource\ziARP\Debug\link.4068.write.1.tlog
C:\Users\Administrator\Dropbox\OpenSource\ProjectFile\OpenSource\ziARP\Debug\link.4068-cvtres.read.1.tlog
C:\Users\Administrator\Dropbox\OpenSource\ProjectFile\OpenSource\ziARP\Debug\link.4068-cvtres.write.1.tlog
C:\Users\Administrator\Dropbox\OpenSource\ProjectFile\OpenSource\ziARP\Debug\link.4376.read.1.tlog
C:\Users\Administrator\Dropbox\OpenSource\ProjectFile\OpenSource\ziARP\Debug\link.4376.write.1.tlog
C:\Users\Administrator\Dropbox\OpenSource\ProjectFile\OpenSource\ziARP\Debug\link.4376-cvtres.read.1.tlog
C:\Users\Administrator\Dropbox\OpenSource\ProjectFile\OpenSource\ziARP\Debug\link.4376-cvtres.write.1.tlog
C:\Users\Administrator\Dropbox\OpenSource\ProjectFile\OpenSource\ziARP\Debug\link.4584.read.1.tlog
C:\Users\Administrator\Dropbox\OpenSource\ProjectFile\OpenSource\ziARP\Debug\link.4584.write.1.tlog
C:\Users\Administrator\Dropbox\OpenSource\ProjectFile\OpenSource\ziARP\Debug\link.4584-cvtres.read.1.tlog
C:\Users\Administrator\Dropbox\OpenSource\ProjectFile\OpenSource\ziARP\Debug\link.4584-cvtres.write.1.tlog
C:\Users\Administrator\Dropbox\OpenSource\ProjectFile\OpenSource\ziARP\Debug\link.4792.read.1.tlog
C:\Users\Administrator\Dropbox\OpenSource\ProjectFile\OpenSource\ziARP\Debug\link.4792.write.1.tlog
C:\Users\Administrator\Dropbox\OpenSource\ProjectFile\OpenSource\ziARP\Debug\link.4792-cvtres.read.1.tlog
C:\Users\Administrator\Dropbox\OpenSource\ProjectFile\OpenSource\ziARP\Debug\link.4792-cvtres.write.1.tlog
C:\Users\Administrator\Dropbox\OpenSource\ProjectFile\OpenSource\ziARP\Debug\link.5048.read.1.tlog
C:\Users\Administrator\Dropbox\OpenSource\ProjectFile\OpenSource\ziARP\Debug\link.5048.write.1.tlog
C:\Users\Administrator\Dropbox\OpenSource\ProjectFile\OpenSource\ziARP\Debug\link.5048-cvtres.read.1.tlog
C:\Users\Administrator\Dropbox\OpenSource\ProjectFile\OpenSource\ziARP\Debug\link.5048-cvtres.write.1.tlog
C:\Users\Administrator\Dropbox\OpenSource\ProjectFile\OpenSource\ziARP\Debug\link.5204.read.1.tlog
C:\Users\Administrator\Dropbox\OpenSource\ProjectFile\OpenSource\ziARP\Debug\link.5204.write.1.tlog
C:\Users\Administrator\Dropbox\OpenSource\ProjectFile\OpenSource\ziARP\Debug\link.5204-cvtres.read.1.tlog
C:\Users\Administrator\Dropbox\OpenSource\ProjectFile\OpenSource\ziARP\Debug\link.5204-cvtres.write.1.tlog
C:\Users\Administrator\Dropbox\OpenSource\ProjectFile\OpenSource\ziARP\Debug\link.5376.read.1.tlog
C:\Users\Administrator\Dropbox\OpenSource\ProjectFile\OpenSource\ziARP\Debug\link.5376.write.1.tlog
C:\Users\Administrator\Dropbox\OpenSource\ProjectFile\OpenSource\ziARP\Debug\link.5376-cvtres.read.1.tlog
C:\Users\Administrator\Dropbox\OpenSource\ProjectFile\OpenSource\ziARP\Debug\link.5376-cvtres.write.1.tlog
C:\Users\Administrator\Dropbox\OpenSource\ProjectFile\OpenSource\ziARP\Debug\link.5388.read.1.tlog
C:\Users\Administrator\Dropbox\OpenSource\ProjectFile\OpenSource\ziARP\Debug\link.5388.write.1.tlog
C:\Users\Administrator\Dropbox\OpenSource\ProjectFile\OpenSource\ziARP\Debug\link.5388-cvtres.read.1.tlog
C:\Users\Administrator\Dropbox\OpenSource\ProjectFile\OpenSource\ziARP\Debug\link.5388-cvtres.write.1.tlog
C:\Users\Administrator\Dropbox\OpenSource\ProjectFile\OpenSource\ziARP\Debug\link.5552.read.1.tlog
C:\Users\Administrator\Dropbox\OpenSource\ProjectFile\OpenSource\ziARP\Debug\link.5552.write.1.tlog
C:\Users\Administrator\Dropbox\OpenSource\ProjectFile\OpenSource\ziARP\Debug\link.5552-cvtres.read.1.tlog
C:\Users\Administrator\Dropbox\OpenSource\ProjectFile\OpenSource\ziARP\Debug\link.5552-cvtres.write.1.tlog
C:\Users\Administrator\Dropbox\OpenSource\ProjectFile\OpenSource\ziARP\Debug\link.5816.read.1.tlog
C:\Users\Administrator\Dropbox\OpenSource\ProjectFile\OpenSource\ziARP\Debug\link.5816.write.1.tlog
C:\Users\Administrator\Dropbox\OpenSource\ProjectFile\OpenSource\ziARP\Debug\link.5816-cvtres.read.1.tlog
C:\Users\Administrator\Dropbox\OpenSource\ProjectFile\OpenSource\ziARP\Debug\link.5816-cvtres.write.1.tlog
C:\Users\Administrator\Dropbox\OpenSource\ProjectFile\OpenSource\ziARP\Debug\link.5968.read.1.tlog
C:\Users\Administrator\Dropbox\OpenSource\ProjectFile\OpenSource\ziARP\Debug\link.5968.write.1.tlog
C:\Users\Administrator\Dropbox\OpenSource\ProjectFile\OpenSource\ziARP\Debug\link.5968-cvtres.read.1.tlog
C:\Users\Administrator\Dropbox\OpenSource\ProjectFile\OpenSource\ziARP\Debug\link.5968-cvtres.write.1.tlog
C:\Users\Administrator\Dropbox\OpenSource\ProjectFile\OpenSource\ziARP\Debug\link.6576.read.1.tlog
C:\Users\Administrator\Dropbox\OpenSource\ProjectFile\OpenSource\ziARP\Debug\link.6576.write.1.tlog
C:\Users\Administrator\Dropbox\OpenSource\ProjectFile\OpenSource\ziARP\Debug\link.6576-cvtres.read.1.tlog
C:\Users\Administrator\Dropbox\OpenSource\ProjectFile\OpenSource\ziARP\Debug\link.6576-cvtres.write.1.tlog
C:\Users\Administrator\Dropbox\OpenSource\ProjectFile\OpenSource\ziARP\Debug\link.6860.read.1.tlog
C:\Users\Administrator\Dropbox\OpenSource\ProjectFile\OpenSource\ziARP\Debug\link.6860.write.1.tlog
C:\Users\Administrator\Dropbox\OpenSource\ProjectFile\OpenSource\ziARP\Debug\link.6860-cvtres.read.1.tlog
C:\Users\Administrator\Dropbox\OpenSource\ProjectFile\OpenSource\ziARP\Debug\link.6860-cvtres.write.1.tlog
C:\Users\Administrator\Dropbox\OpenSource\ProjectFile\OpenSource\ziARP\Debug\link.7076.read.1.tlog
C:\Users\Administrator\Dropbox\OpenSource\ProjectFile\OpenSource\ziARP\Debug\link.7076.write.1.tlog
C:\Users\Administrator\Dropbox\OpenSource\ProjectFile\OpenSource\ziARP\Debug\link.7076-cvtres.read.1.tlog
C:\Users\Administrator\Dropbox\OpenSource\ProjectFile\OpenSource\ziARP\Debug\link.7076-cvtres.write.1.tlog
C:\Users\Administrator\Dropbox\OpenSource\ProjectFile\OpenSource\ziARP\Debug\link.7128.read.1.tlog
C:\Users\Administrator\Dropbox\OpenSource\ProjectFile\OpenSource\ziARP\Debug\link.7128.write.1.tlog
C:\Users\Administrator\Dropbox\OpenSource\ProjectFile\OpenSource\ziARP\Debug\link.7128-cvtres.read.1.tlog
C:\Users\Administrator\Dropbox\OpenSource\ProjectFile\OpenSource\ziARP\Debug\link.7128-cvtres.write.1.tlog
C:\Users\Administrator\Dropbox\OpenSource\ProjectFile\OpenSource\ziARP\Debug\link.7616.read.1.tlog
C:\Users\Administrator\Dropbox\OpenSource\ProjectFile\OpenSource\ziARP\Debug\link.7616.write.1.tlog
C:\Users\Administrator\Dropbox\OpenSource\ProjectFile\OpenSource\ziARP\Debug\link.7616-cvtres.read.1.tlog
C:\Users\Administrator\Dropbox\OpenSource\ProjectFile\OpenSource\ziARP\Debug\link.7616-cvtres.write.1.tlog
C:\Users\Administrator\Dropbox\OpenSource\ProjectFile\OpenSource\ziARP\Debug\link.7748.read.1.tlog
C:\Users\Administrator\Dropbox\OpenSource\ProjectFile\OpenSource\ziARP\Debug\link.7748.write.1.tlog
C:\Users\Administrator\Dropbox\OpenSource\ProjectFile\OpenSource\ziARP\Debug\link.7748-cvtres.read.1.tlog
C:\Users\Administrator\Dropbox\OpenSource\ProjectFile\OpenSource\ziARP\Debug\link.7748-cvtres.write.1.tlog
C:\Users\Administrator\Dropbox\OpenSource\ProjectFile\OpenSource\ziARP\Debug\link.7876.read.1.tlog
C:\Users\Administrator\Dropbox\OpenSource\ProjectFile\OpenSource\ziARP\Debug\link.7876.write.1.tlog
C:\Users\Administrator\Dropbox\OpenSource\ProjectFile\OpenSource\ziARP\Debug\link.7876-cvtres.read.1.tlog
C:\Users\Administrator\Dropbox\OpenSource\ProjectFile\OpenSource\ziARP\Debug\link.7876-cvtres.write.1.tlog
C:\Users\Administrator\Dropbox\OpenSource\ProjectFile\OpenSource\ziARP\Debug\link.8212.read.1.tlog
C:\Users\Administrator\Dropbox\OpenSource\ProjectFile\OpenSource\ziARP\Debug\link.8212.write.1.tlog
C:\Users\Administrator\Dropbox\OpenSource\ProjectFile\OpenSource\ziARP\Debug\link.8212-cvtres.read.1.tlog
C:\Users\Administrator\Dropbox\OpenSource\ProjectFile\OpenSource\ziARP\Debug\link.8212-cvtres.write.1.tlog
C:\Users\Administrator\Dropbox\OpenSource\ProjectFile\OpenSource\ziARP\Debug\link.command.1.tlog
C:\Users\Administrator\Dropbox\OpenSource\ProjectFile\OpenSource\ziARP\Debug\link.read.1.tlog
C:\Users\Administrator\Dropbox\OpenSource\ProjectFile\OpenSource\ziARP\Debug\link.write.1.tlog
C:\Users\Administrator\Dropbox\OpenSource\ProjectFile\OpenSource\ziARP\Debug\link-cvtres.read.1.tlog
C:\Users\Administrator\Dropbox\OpenSource\ProjectFile\OpenSource\ziARP\Debug\link-cvtres.write.1.tlog
C:\USERS\ADMINISTRATOR\DROPBOX\OPENSOURCE\PROJECTFILE\OPENSOURCE\ZIARP\DEBUG\LOG.OBJ
C:\Users\Administrator\Dropbox\OpenSource\ProjectFile\OpenSource\ziARP\Debug\mt.command.1.tlog
C:\Users\Administrator\Dropbox\OpenSource\ProjectFile\OpenSource\ziARP\Debug\mt.read.1.tlog
C:\Users\Administrator\Dropbox\OpenSource\ProjectFile\OpenSource\ziARP\Debug\mt.write.1.tlog
C:\USERS\ADMINISTRATOR\DROPBOX\OPENSOURCE\PROJECTFILE\OPENSOURCE\ZIARP\DEBUG\OP_LIST.OBJ
C:\USERS\ADMINISTRATOR\DROPBOX\OPENSOURCE\PROJECTFILE\OPENSOURCE\ZIARP\DEBUG\OPENDEVICE.OBJ
C:\Users\Administrator\Dropbox\OpenSource\ProjectFile\OpenSource\ziARP\Debug\OpenSource.exe.embed.manifest
C:\Users\Administrator\Dropbox\OpenSource\ProjectFile\OpenSource\ziARP\Debug\OpenSource.exe.embed.manifest.res
C:\Users\Administrator\Dropbox\OpenSource\ProjectFile\OpenSource\ziARP\Debug\OpenSource.exe.intermediate.manifest
C:\Users\Administrator\Dropbox\OpenSource\ProjectFile\OpenSource\ziARP\Debug\OpenSource.res
C:\Users\Administrator\Dropbox\OpenSource\ProjectFile\OpenSource\ziARP\Debug\OpenSource_manifest.rc
C:\USERS\ADMINISTRATOR\DROPBOX\OPENSOURCE\PROJECTFILE\OPENSOURCE\ZIARP\DEBUG\OUI.OBJ
C:\Users\Administrator\Dropbox\OpenSource\ProjectFile\OpenSource\ziARP\Debug\rc.command.1.tlog
C:\Users\Administrator\Dropbox\OpenSource\ProjectFile\OpenSource\ziARP\Debug\rc.read.1.tlog
C:\Users\Administrator\Dropbox\OpenSource\ProjectFile\OpenSource\ziARP\Debug\rc.write.1.tlog
C:\USERS\ADMINISTRATOR\DROPBOX\OPENSOURCE\PROJECTFILE\OPENSOURCE\ZIARP\DEBUG\SPOOF_LIST.OBJ
C:\Users\Administrator\Dropbox\OpenSource\ProjectFile\OpenSource\ziARP\Debug\vc100 (Jeo Kim와(과) 충돌하는 사본 2012-08-06).idb
C:\Users\Administrator\Dropbox\OpenSource\ProjectFile\OpenSource\ziARP\Debug\vc100 (Jeo Kim와(과) 충돌하는 사본 2012-08-06).pdb
C:\Users\Administrator\Dropbox\OpenSource\ProjectFile\OpenSource\ziARP\Debug\vc100.idb
C:\USERS\ADMINISTRATOR\DROPBOX\OPENSOURCE\PROJECTFILE\OPENSOURCE\ZIARP\DEBUG\VC100.PDB
C:\USERS\ADMINISTRATOR\DROPBOX\OPENSOURCE\PROJECTFILE\OPENSOURCE\ZIARP\DEBUG\ZIARP.EXE.EMBED.MANIFEST
C:\USERS\ADMINISTRATOR\DROPBOX\OPENSOURCE\PROJECTFILE\OPENSOURCE\ZIARP\DEBUG\ZIARP.EXE.EMBED.MANIFEST.RES
C:\Users\Administrator\Dropbox\OpenSource\ProjectFile\OpenSource\ziARP\Debug\ziARP.exe.intermediate.manifest
C:\USERS\ADMINISTRATOR\DROPBOX\OPENSOURCE\PROJECTFILE\OPENSOURCE\ZIARP\DEBUG\ZIARP.RES
C:\Users\Administrator\Dropbox\OpenSource\ProjectFile\OpenSource\ziARP\Debug\ziARP_manifest.rc
C:\USERS\MINWOO\DROPBOX\OPENSOURCE\PROJECTFILE\OPENSOURCE\DEBUG\OPENSOURCE.EXE
C:\USERS\MINWOO\DROPBOX\OPENSOURCE\PROJECTFILE\OPENSOURCE\DEBUG\OPENSOURCE.ILK
C:\USERS\MINWOO\DROPBOX\OPENSOURCE\PROJECTFILE\OPENSOURCE\DEBUG\OPENSOURCE.PDB
C:\USERS\MINWOO\DROPBOX\OPENSOURCE\PROJECTFILE\OPENSOURCE\DEBUG\ZIARP.EXE
C:\USERS\MINWOO\DROPBOX\OPENSOURCE\PROJECTFILE\OPENSOURCE\DEBUG\ZIARP.ILK
C:\USERS\MINWOO\DROPBOX\OPENSOURCE\PROJECTFILE\OPENSOURCE\DEBUG\ZIARP.PDB
C:\USERS\MINWOO\DROPBOX\OPENSOURCE\PROJECTFILE\OPENSOURCE\OPENSOURCE\DEBUG\ARP_SCANNING.OBJ
C:\USERS\MINWOO\DROPBOX\OPENSOURCE\PROJECTFILE\OPENSOURCE\OPENSOURCE\DEBUG\DATAS.OBJ
C:\USERS\MINWOO\DROPBOX\OPENSOURCE\PROJECTFILE\OPENSOURCE\OPENSOURCE\DEBUG\DEFENCE.OBJ
C:\USERS\MINWOO\DROPBOX\OPENSOURCE\PROJECTFILE\OPENSOURCE\OPENSOURCE\DEBUG\DEFENSE.OBJ
C:\USERS\MINWOO\DROPBOX\OPENSOURCE\PROJECTFILE\OPENSOURCE\OPENSOURCE\DEBUG\ENGIN.OBJ
C:\USERS\MINWOO\DROPBOX\OPENSOURCE\PROJECTFILE\OPENSOURCE\OPENSOURCE\DEBUG\GET_INFO.OBJ
C:\USERS\MINWOO\DROPBOX\OPENSOURCE\PROJECTFILE\OPENSOURCE\OPENSOURCE\DEBUG\GETDEVICE.OBJ
C:\USERS\MINWOO\DROPBOX\OPENSOURCE\PROJECTFILE\OPENSOURCE\OPENSOURCE\DEBUG\LOG.OBJ
C:\USERS\MINWOO\DROPBOX\OPENSOURCE\PROJECTFILE\OPENSOURCE\OPENSOURCE\DEBUG\OP_LIST.OBJ
C:\USERS\MINWOO\DROPBOX\OPENSOURCE\PROJECTFILE\OPENSOURCE\OPENSOURCE\DEBUG\OPENDEVICE.OBJ
C:\USERS\MINWOO\DROPBOX\OPENSOURCE\PROJECTFILE\OPENSOURCE\OPENSOURCE\DEBUG\OPENSOURCE.EXE.EMBED.MANIFEST.RES
C:\USERS\MINWOO\DROPBOX\OPENSOURCE\PROJECTFILE\OPENSOURCE\OPENSOURCE\DEBUG\OPENSOURCE.EXE.INTERMEDIATE.MANIFEST
C:\USERS\MINWOO\DROPBOX\OPENSOURCE\PROJECTFILE\OPENSOURCE\OPENSOURCE\DEBUG\OPENSOURCE.OBJ
C:\USERS\MINWOO\DROPBOX\OPENSOURCE\PROJECTFILE\OPENSOURCE\OPENSOURCE\DEBUG\OPENSOURCE.RES
C:\USERS\MINWOO\DROPBOX\OPENSOURCE\PROJECTFILE\OPENSOURCE\OPENSOURCE\DEBUG\OUI.OBJ
C:\USERS\MINWOO\DROPBOX\OPENSOURCE\PROJECTFILE\OPENSOURCE\OPENSOURCE\DEBUG\REPLY_DETECT.OBJ
C:\USERS\MINWOO\DROPBOX\OPENSOURCE\PROJECTFILE\OPENSOURCE\OPENSOURCE\DEBUG\REPLYARP.OBJ
C:\USERS\MINWOO\DROPBOX\OPENSOURCE\PROJECTFILE\OPENSOURCE\OPENSOURCE\DEBUG\SPOOF_LIST.OBJ
C:\USERS\MINWOO\DROPBOX\OPENSOURCE\PROJECTFILE\OPENSOURCE\OPENSOURCE\DEBUG\VC100.PDB
C:\USERS\MINWOO\DROPBOX\OPENSOURCE\PROJECTFILE\OPENSOURCE\OPENSOURCE\DEBUG\VENDOR_SEARCH.OBJ
C:\USERS\MINWOO\DROPBOX\OPENSOURCE\PROJECTFILE\OPENSOURCE\OPENSOURCE\DEBUG\VERIFY_MAC.OBJ
C:\USERS\MINWOO\DROPBOX\OPENSOURCE\PROJECTFILE\OPENSOURCE\ZIARP\DEBUG\ARP_SCANNING.OBJ
C:\USERS\MINWOO\DROPBOX\OPENSOURCE\PROJECTFILE\OPENSOURCE\ZIARP\DEBUG\DATAS.OBJ
C:\USERS\MINWOO\DROPBOX\OPENSOURCE\PROJECTFILE\OPENSOURCE\ZIARP\DEBUG\DEFENCE.OBJ
C:\USERS\MINWOO\DROPBOX\OPENSOURCE\PROJECTFILE\OPENSOURCE\ZIARP\DEBUG\DETECT_ENGIN.OBJ
C:\USERS\MINWOO\DROPBOX\OPENSOURCE\PROJECTFILE\OPENSOURCE\ZIARP\DEBUG\ENGIN.OBJ
C:\USERS\MINWOO\DROPBOX\OPENSOURCE\PROJECTFILE\OPENSOURCE\ZIARP\DEBUG\GET_INFO.OBJ
C:\USERS\MINWOO\DROPBOX\OPENSOURCE\PROJECTFILE\OPENSOURCE\ZIARP\DEBUG\GETDEVICE.OBJ
C:\USERS\MINWOO\DROPBOX\OPENSOURCE\PROJECTFILE\OPENSOURCE\ZIARP\DEBUG\GUI_MAIN.OBJ
C:\USERS\MINWOO\DROPBOX\OPENSOURCE\PROJECTFILE\OPENSOURCE\ZIARP\DEBUG\GUI_RIGHT.OBJ
C:\USERS\MINWOO\DROPBOX\OPENSOURCE\PROJECTFILE\OPENSOURCE\ZIARP\DEBUG\LOG.OBJ
C:\USERS\MINWOO\DROPBOX\OPENSOURCE\PROJECTFILE\OPENSOURCE\ZIARP\DEBUG\OP_LIST.OBJ
C:\USERS\MINWOO\DROPBOX\OPENSOURCE\PROJECTFILE\OPENSOURCE\ZIARP\DEBUG\OPENDEVICE.OBJ
C:\USERS\MINWOO\DROPBOX\OPENSOURCE\PROJECTFILE\OPENSOURCE\ZIARP\DEBUG\OUI.OBJ
C:\USERS\MINWOO\DROPBOX\OPENSOURCE\PROJECTFILE\OPENSOURCE\ZIARP\DEBUG\SPOOF_LIST.OBJ
C:\USERS\MINWOO\DROPBOX\OPENSOURCE\PROJECTFILE\OPENSOURCE\ZIARP\DEBUG\VC100.PDB
C:\USERS\MINWOO\DROPBOX\OPENSOURCE\PROJECTFILE\OPENSOURCE\ZIARP\DEBUG\ZIARP.EXE.EMBED.MANIFEST.RES
C:\USERS\MINWOO\DROPBOX\OPENSOURCE\PROJECTFILE\OPENSOURCE\ZIARP\DEBUG\ZIARP.EXE.INTERMEDIATE.MANIFEST
C:\USERS\MINWOO\DROPBOX\OPENSOURCE\PROJECTFILE\OPENSOURCE\ZIARP\DEBUG\ZIARP.RES
C:\USERS\MY\DOCUMENTS\VISUAL STUDIO 2010\PROJECTS\OPENSOURCE\DEBUG\OPENSOURCE.EXE
C:\USERS\MY\DOCUMENTS\VISUAL STUDIO 2010\PROJECTS\OPENSOURCE\DEBUG\OPENSOURCE.ILK
C:\USERS\MY\DOCUMENTS\VISUAL STUDIO 2010\PROJECTS\OPENSOURCE\DEBUG\OPENSOURCE.PDB
C:\USERS\MY\DOCUMENTS\VISUAL STUDIO 2010\PROJECTS\OPENSOURCE\OPENSOURCE\DEBUG\OPENSOURCE.EXE.EMBED.MANIFEST.RES
C:\USERS\MY\DOCUMENTS\VISUAL STUDIO 2010\PROJECTS\OPENSOURCE\OPENSOURCE\DEBUG\OPENSOURCE.EXE.INTERMEDIATE.MANIFEST
C:\USERS\MY\DOCUMENTS\VISUAL STUDIO 2010\PROJECTS\OPENSOURCE\OPENSOURCE\DEBUG\OPENSOURCE.OBJ
C:\USERS\MY\DOCUMENTS\VISUAL STUDIO 2010\PROJECTS\OPENSOURCE\OPENSOURCE\DEBUG\OPENSOURCE.RES
C:\USERS\MY\DOCUMENTS\VISUAL STUDIO 2010\PROJECTS\OPENSOURCE\OPENSOURCE\DEBUG\VC100.PDB
C:\USERS\MY\DROPBOX\OPENSOURCE\PROJECTFILE\OPENSOURCE\DEBUG\OPENSOURCE.EXE
C:\USERS\MY\DROPBOX\OPENSOURCE\PROJECTFILE\OPENSOURCE\DEBUG\OPENSOURCE.ILK
C:\USERS\MY\DROPBOX\OPENSOURCE\PROJECTFILE\OPENSOURCE\DEBUG\OPENSOURCE.PDB
C:\USERS\MY\DROPBOX\OPENSOURCE\PROJECTFILE\OPENSOURCE\DEBUG\ZIARP.EXE
C:\USERS\MY\DROPBOX\OPENSOURCE\PROJECTFILE\OPENSOURCE\DEBUG\ZIARP.ILK
C:\USERS\MY\DROPBOX\OPENSOURCE\PROJECTFILE\OPENSOURCE\DEBUG\ZIARP.PDB
C:\USERS\MY\DROPBOX\OPENSOURCE\PROJECTFILE\OPENSOURCE\OPENSOURCE\DEBUG\ARP_SCANNING.OBJ
C:\USERS\MY\DROPBOX\OPENSOURCE\PROJECTFILE\OPENSOURCE\OPENSOURCE\DEBUG\DATAS.OBJ
C:\USERS\MY\DROPBOX\OPENSOURCE\PROJECTFILE\OPENSOURCE\OPENSOURCE\DEBUG\DEFENCE.OBJ
C:\USERS\MY\DROPBOX\OPENSOURCE\PROJECTFILE\OPENSOURCE\OPENSOURCE\DEBUG\DETECT_ENGIN.OBJ
C:\USERS\MY\DROPBOX\OPENSOURCE\PROJECTFILE\OPENSOURCE\OPENSOURCE\DEBUG\ENGIN.OBJ
C:\USERS\MY\DROPBOX\OPENSOURCE\PROJECTFILE\OPENSOURCE\OPENSOURCE\DEBUG\GET_INFO.OBJ
C:\USERS\MY\DROPBOX\OPENSOURCE\PROJECTFILE\OPENSOURCE\OPENSOURCE\DEBUG\GETDEVICE.OBJ
C:\USERS\MY\DROPBOX\OPENSOURCE\PROJECTFILE\OPENSOURCE\OPENSOURCE\DEBUG\GUI_MAIN.OBJ
C:\USERS\MY\DROPBOX\OPENSOURCE\PROJECTFILE\OPENSOURCE\OPENSOURCE\DEBUG\GUI_RIGHT.OBJ
C:\USERS\MY\DROPBOX\OPENSOURCE\PROJECTFILE\OPENSOURCE\OPENSOURCE\DEBUG\LOG.OBJ
C:\USERS\MY\DROPBOX\OPENSOURCE\PROJECTFILE\OPENSOURCE\OPENSOURCE\DEBUG\OP_LIST.OBJ
C:\USERS\MY\DROPBOX\OPENSOURCE\PROJECTFILE\OPENSOURCE\OPENSOURCE\DEBUG\OPENDEVICE.OBJ
C:\USERS\MY\DROPBOX\OPENSOURCE\PROJECTFILE\OPENSOURCE\OPENSOURCE\DEBUG\OPENSOURCE.EXE.EMBED.MANIFEST.RES
C:\USERS\MY\DROPBOX\OPENSOURCE\PROJECTFILE\OPENSOURCE\OPENSOURCE\DEBUG\OPENSOURCE.EXE.INTERMEDIATE.MANIFEST
C:\USERS\MY\DROPBOX\OPENSOURCE\PROJECTFILE\OPENSOURCE\OPENSOURCE\DEBUG\OPENSOURCE.OBJ
C:\USERS\MY\DROPBOX\OPENSOURCE\PROJECTFILE\OPENSOURCE\OPENSOURCE\DEBUG\OPENSOURCE.RES
C:\USERS\MY\DROPBOX\OPENSOURCE\PROJECTFILE\OPENSOURCE\OPENSOURCE\DEBUG\OUI.OBJ
C:\USERS\MY\DROPBOX\OPENSOURCE\PROJECTFILE\OPENSOURCE\OPENSOURCE\DEBUG\REPLY_DETECT.OBJ
C:\USERS\MY\DROPBOX\OPENSOURCE\PROJECTFILE\OPENSOURCE\OPENSOURCE\DEBUG\REPLYARP.OBJ
C:\USERS\MY\DROPBOX\OPENSOURCE\PROJECTFILE\OPENSOURCE\OPENSOURCE\DEBUG\SPOOF_LIST.OBJ
C:\USERS\MY\DROPBOX\OPENSOURCE\PROJECTFILE\OPENSOURCE\OPENSOURCE\DEBUG\VC100.PDB
C:\USERS\MY\DROPBOX\OPENSOURCE\PROJECTFILE\OPENSOURCE\OPENSOURCE\DEBUG\VENDOR_SEARCH.OBJ
C:\USERS\MY\DROPBOX\OPENSOURCE\PROJECTFILE\OPENSOURCE\OPENSOURCE\DEBUG\VERIFY_MAC.OBJ
C:\USERS\MY\DROPBOX\OPENSOURCE\PROJECTFILE\OPENSOURCE\ZIARP\DEBUG\ARP_SCANNING.OBJ
C:\USERS\MY\DROPBOX\OPENSOURCE\PROJECTFILE\OPENSOURCE\ZIARP\DEBUG\DATAS.OBJ
C:\USERS\MY\DROPBOX\OPENSOURCE\PROJECTFILE\OPENSOURCE\ZIARP\DEBUG\DEFENCE.OBJ
C:\USERS\MY\DROPBOX\OPENSOURCE\PROJECTFILE\OPENSOURCE\ZIARP\DEBUG\DETECT_ENGIN.OBJ
C:\USERS\MY\DROPBOX\OPENSOURCE\PROJECTFILE\OPENSOURCE\ZIARP\DEBUG\ENGIN.OBJ
C:\USERS\MY\DROPBOX\OPENSOURCE\PROJECTFILE\OPENSOURCE\ZIARP\DEBUG\GET_INFO.OBJ
C:\USERS\MY\DROPBOX\OPENSOURCE\PROJECTFILE\OPENSOURCE\ZIARP\DEBUG\GETDEVICE.OBJ
C:\USERS\MY\DROPBOX\OPENSOURCE\PROJECTFILE\OPENSOURCE\ZIARP\DEBUG\GUI_MAIN.OBJ
C:\USERS\MY\DROPBOX\OPENSOURCE\PROJECTFILE\OPENSOURCE\ZIARP\DEBUG\GUI_RIGHT.OBJ
C:\USERS\MY\DROPBOX\OPENSOURCE\PROJECTFILE\OPENSOURCE\ZIARP\DEBUG\LOG.OBJ
C:\USERS\MY\DROPBOX\OPENSOURCE\PROJECTFILE\OPENSOURCE\ZIARP\DEBUG\OP_LIST.OBJ
C:\USERS\MY\DROPBOX\OPENSOURCE\PROJECTFILE\OPENSOURCE\ZIARP\DEBUG\OPENDEVICE.OBJ
C:\USERS\MY\DROPBOX\OPENSOURCE\PROJECTFILE\OPENSOURCE\ZIARP\DEBUG\OUI.OBJ
C:\USERS\MY\DROPBOX\OPENSOURCE\PROJECTFILE\OPENSOURCE\ZIARP\DEBUG\SPOOF_LIST.OBJ
C:\USERS\MY\DROPBOX\OPENSOURCE\PROJECTFILE\OPENSOURCE\ZIARP\DEBUG\VC100.PDB
C:\USERS\MY\DROPBOX\OPENSOURCE\PROJECTFILE\OPENSOURCE\ZIARP\DEBUG\ZIARP.EXE.EMBED.MANIFEST.RES
C:\USERS\MY\DROPBOX\OPENSOURCE\PROJECTFILE\OPENSOURCE\ZIARP\DEBUG\ZIARP.EXE.INTERMEDIATE.MANIFEST
C:\USERS\MY\DROPBOX\OPENSOURCE\PROJECTFILE\OPENSOURCE\ZIARP\DEBUG\ZIARP.RES
C:\USERS\박이삭\DROPBOX\OPENSOURCE\PROJECTFILE\OPENSOURCE\DEBUG\OPENSOURCE.EXE
C:\USERS\박이삭\DROPBOX\OPENSOURCE\PROJECTFILE\OPENSOURCE\DEBUG\OPENSOURCE.ILK
C:\USERS\박이삭\DROPBOX\OPENSOURCE\PROJECTFILE\OPENSOURCE\DEBUG\OPENSOURCE.PDB
C:\USERS\박이삭\DROPBOX\OPENSOURCE\PROJECTFILE\OPENSOURCE\OPENSOURCE\DEBUG\ARP_SCANNING.OBJ
C:\USERS\박이삭\DROPBOX\OPENSOURCE\PROJECTFILE\OPENSOURCE\OPENSOURCE\DEBUG\DATAS.OBJ
C:\USERS\박이삭\DROPBOX\OPENSOURCE\PROJECTFILE\OPENSOURCE\OPENSOURCE\DEBUG\DEFENCE.OBJ
C:\USERS\박이삭\DROPBOX\OPENSOURCE\PROJECTFILE\OPENSOURCE\OPENSOURCE\DEBUG\DEFENSE.OBJ
C:\USERS\박이삭\DROPBOX\OPENSOURCE\PROJECTFILE\OPENSOURCE\OPENSOURCE\DEBUG\DETECT_ENGIN.OBJ
C:\USERS\박이삭\DROPBOX\OPENSOURCE\PROJECTFILE\OPENSOURCE\OPENSOURCE\DEBUG\ENGIN.OBJ
C:\USERS\박이삭\DROPBOX\OPENSOURCE\PROJECTFILE\OPENSOURCE\OPENSOURCE\DEBUG\GET_INFO.OBJ
C:\USERS\박이삭\DROPBOX\OPENSOURCE\PROJECTFILE\OPENSOURCE\OPENSOURCE\DEBUG\GETDEVICE.OBJ
C:\USERS\박이삭\DROPBOX\OPENSOURCE\PROJECTFILE\OPENSOURCE\OPENSOURCE\DEBUG\GUI_MAIN.OBJ
C:\USERS\박이삭\DROPBOX\OPENSOURCE\PROJECTFILE\OPENSOURCE\OPENSOURCE\DEBUG\GUI_RIGHT.OBJ
C:\USERS\박이삭\DROPBOX\OPENSOURCE\PROJECTFILE\OPENSOURCE\OPENSOURCE\DEBUG\LOG.OBJ
C:\USERS\박이삭\DROPBOX\OPENSOURCE\PROJECTFILE\OPENSOURCE\OPENSOURCE\DEBUG\OP_LIST.OBJ
C:\USERS\박이삭\DROPBOX\OPENSOURCE\PROJECTFILE\OPENSOURCE\OPENSOURCE\DEBUG\OPENDEVICE.OBJ
C:\USERS\박이삭\DROPBOX\OPENSOURCE\PROJECTFILE\OPENSOURCE\OPENSOURCE\DEBUG\OPENSOURCE.EXE.EMBED.MANIFEST
C:\USERS\박이삭\DROPBOX\OPENSOURCE\PROJECTFILE\OPENSOURCE\OPENSOURCE\DEBUG\OPENSOURCE.EXE.EMBED.MANIFEST.RES
C:\USERS\박이삭\DROPBOX\OPENSOURCE\PROJECTFILE\OPENSOURCE\OPENSOURCE\DEBUG\OPENSOURCE.EXE.INTERMEDIATE.MANIFEST
C:\USERS\박이삭\DROPBOX\OPENSOURCE\PROJECTFILE\OPENSOURCE\OPENSOURCE\DEBUG\OPENSOURCE.OBJ
C:\USERS\박이삭\DROPBOX\OPENSOURCE\PROJECTFILE\OPENSOURCE\OPENSOURCE\DEBUG\OPENSOURCE.RES
C:\USERS\박이삭\DROPBOX\OPENSOURCE\PROJECTFILE\OPENSOURCE\OPENSOURCE\DEBUG\OUI.OBJ
C:\USERS\박이삭\DROPBOX\OPENSOURCE\PROJECTFILE\OPENSOURCE\OPENSOURCE\DEBUG\REPLY_DETECT.OBJ
C:\USERS\박이삭\DROPBOX\OPENSOURCE\PROJECTFILE\OPENSOURCE\OPENSOURCE\DEBUG\REPLYARP.OBJ
C:\USERS\박이삭\DROPBOX\OPENSOURCE\PROJECTFILE\OPENSOURCE\OPENSOURCE\DEBUG\SPOOF_LIST.OBJ
C:\USERS\박이삭\DROPBOX\OPENSOURCE\PROJECTFILE\OPENSOURCE\OPENSOURCE\DEBUG\VC100.PDB
C:\USERS\박이삭\DROPBOX\OPENSOURCE\PROJECTFILE\OPENSOURCE\OPENSOURCE\DEBUG\VENDOR_SEARCH.OBJ
C:\USERS\박이삭\DROPBOX\OPENSOURCE\PROJECTFILE\OPENSOURCE\OPENSOURCE\DEBUG\VERIFY_MAC.OBJ
C:\USERS\박이삭\DROPBOX\OPENSOURCE\이삭\DEBUG\OPENSOURCE.EXE
C:\USERS\박이삭\DROPBOX\OPENSOURCE\이삭\DEBUG\OPENSOURCE.ILK
C:\USERS\박이삭\DROPBOX\OPENSOURCE\이삭\DEBUG\OPENSOURCE.PDB
C:\USERS\박이삭\DROPBOX\OPENSOURCE\이삭\OPENSOURCE\DEBUG\OPENSOURCE.EXE.EMBED.MANIFEST.RES
C:\USERS\박이삭\DROPBOX\OPENSOURCE\이삭\OPENSOURCE\DEBUG\OPENSOURCE.EXE.INTERMEDIATE.MANIFEST
C:\USERS\박이삭\DROPBOX\OPENSOURCE\이삭\OPENSOURCE\DEBUG\OPENSOURCE.OBJ
C:\USERS\박이삭\DROPBOX\OPENSOURCE\이삭\OPENSOURCE\DEBUG\OPENSOURCE.RES
C:\USERS\박이삭\DROPBOX\OPENSOURCE\이삭\OPENSOURCE\DEBUG\VC100.PDB
C:\USERS\최서율\DROPBOX\OPENSOURCE\PROJECTFILE\OPENSOURCE\DEBUG\OPENSOURCE.EXE
C:\USERS\최서율\DROPBOX\OPENSOURCE\PROJECTFILE\OPENSOURCE\DEBUG\OPENSOURCE.ILK
C:\USERS\최서율\DROPBOX\OPENSOURCE\PROJECTFILE\OPENSOURCE\DEBUG\OPENSOURCE.PDB
C:\USERS\최서율\DROPBOX\OPENSOURCE\PROJECTFILE\OPENSOURCE\DEBUG\ZIARP.EXE
C:\USERS\최서율\DROPBOX\OPENSOURCE\PROJECTFILE\OPENSOURCE\DEBUG\ZIARP.ILK
C:\USERS\최서율\DROPBOX\OPENSOURCE\PROJECTFILE\OPENSOURCE\DEBUG\ZIARP.PDB
C:\USERS\최서율\DROPBOX\OPENSOURCE\PROJECTFILE\OPENSOURCE\OPENSOURCE\DEBUG\ARP_SCANNING.OBJ
C:\USERS\최서율\DROPBOX\OPENSOURCE\PROJECTFILE\OPENSOURCE\OPENSOURCE\DEBUG\DATAS.OBJ
C:\USERS\최서율\DROPBOX\OPENSOURCE\PROJECTFILE\OPENSOURCE\OPENSOURCE\DEBUG\DEFENCE.OBJ
C:\USERS\최서율\DROPBOX\OPENSOURCE\PROJECTFILE\OPENSOURCE\OPENSOURCE\DEBUG\DEFENSE.OBJ
C:\USERS\최서율\DROPBOX\OPENSOURCE\PROJECTFILE\OPENSOURCE\OPENSOURCE\DEBUG\ENGIN.OBJ
C:\USERS\최서율\DROPBOX\OPENSOURCE\PROJECTFILE\OPENSOURCE\OPENSOURCE\DEBUG\GET_INFO.OBJ
C:\USERS\최서율\DROPBOX\OPENSOURCE\PROJECTFILE\OPENSOURCE\OPENSOURCE\DEBUG\GETDEVICE.OBJ
C:\USERS\최서율\DROPBOX\OPENSOURCE\PROJECTFILE\OPENSOURCE\OPENSOURCE\DEBUG\LOG.OBJ
C:\USERS\최서율\DROPBOX\OPENSOURCE\PROJECTFILE\OPENSOURCE\OPENSOURCE\DEBUG\OP_LIST.OBJ
C:\USERS\최서율\DROPBOX\OPENSOURCE\PROJECTFILE\OPENSOURCE\OPENSOURCE\DEBUG\OPENDEVICE.OBJ
C:\USERS\최서율\DROPBOX\OPENSOURCE\PROJECTFILE\OPENSOURCE\OPENSOURCE\DEBUG\OPENSOURCE.EXE.EMBED.MANIFEST
C:\USERS\최서율\DROPBOX\OPENSOURCE\PROJECTFILE\OPENSOURCE\OPENSOURCE\DEBUG\OPENSOURCE.EXE.EMBED.MANIFEST.RES
C:\USERS\최서율\DROPBOX\OPENSOURCE\PROJECTFILE\OPENSOURCE\OPENSOURCE\DEBUG\OPENSOURCE.EXE.INTERMEDIATE.MANIFEST
C:\USERS\최서율\DROPBOX\OPENSOURCE\PROJECTFILE\OPENSOURCE\OPENSOURCE\DEBUG\OPENSOURCE.OBJ
C:\USERS\최서율\DROPBOX\OPENSOURCE\PROJECTFILE\OPENSOURCE\OPENSOURCE\DEBUG\OPENSOURCE.RES
C:\USERS\최서율\DROPBOX\OPENSOURCE\PROJECTFILE\OPENSOURCE\OPENSOURCE\DEBUG\OUI.OBJ
C:\USERS\최서율\DROPBOX\OPENSOURCE\PROJECTFILE\OPENSOURCE\OPENSOURCE\DEBUG\REPLY_DETECT.OBJ
C:\USERS\최서율\DROPBOX\OPENSOURCE\PROJECTFILE\OPENSOURCE\OPENSOURCE\DEBUG\REPLYARP.OBJ
C:\USERS\최서율\DROPBOX\OPENSOURCE\PROJECTFILE\OPENSOURCE\OPENSOURCE\DEBUG\SPOOF_LIST.OBJ
C:\USERS\최서율\DROPBOX\OPENSOURCE\PROJECTFILE\OPENSOURCE\OPENSOURCE\DEBUG\VC100.PDB
C:\USERS\최서율\DROPBOX\OPENSOURCE\PROJECTFILE\OPENSOURCE\OPENSOURCE\DEBUG\VENDOR_SEARCH.OBJ
C:\USERS\최서율\DROPBOX\OPENSOURCE\PROJECTFILE\OPENSOURCE\OPENSOURCE\DEBUG\VERIFY_MAC.OBJ
C:\USERS\최서율\DROPBOX\OPENSOURCE\PROJECTFILE\OPENSOURCE\ZIARP\DEBUG\ARP_SCANNING.OBJ
C:\USERS\최서율\DROPBOX\OPENSOURCE\PROJECTFILE\OPENSOURCE\ZIARP\DEBUG\DATAS.OBJ
C:\USERS\최서율\DROPBOX\OPENSOURCE\PROJECTFILE\OPENSOURCE\ZIARP\DEBUG\DEFENCE.OBJ
C:\USERS\최서율\DROPBOX\OPENSOURCE\PROJECTFILE\OPENSOURCE\ZIARP\DEBUG\DETECT_ENGIN.OBJ
C:\USERS\최서율\DROPBOX\OPENSOURCE\PROJECTFILE\OPENSOURCE\ZIARP\DEBUG\ENGIN.OBJ
C:\USERS\최서율\DROPBOX\OPENSOURCE\PROJECTFILE\OPENSOURCE\ZIARP\DEBUG\GET_INFO.OBJ
C:\USERS\최서율\DROPBOX\OPENSOURCE\PROJECTFILE\OPENSOURCE\ZIARP\DEBUG\GETDEVICE.OBJ
C:\USERS\최서율\DROPBOX\OPENSOURCE\PROJECTFILE\OPENSOURCE\ZIARP\DEBUG\GUI_MAIN.OBJ
C:\USERS\최서율\DROPBOX\OPENSOURCE\PROJECTFILE\OPENSOURCE\ZIARP\DEBUG\GUI_RIGHT.OBJ
C:\USERS\최서율\DROPBOX\OPENSOURCE\PROJECTFILE\OPENSOURCE\ZIARP\DEBUG\LOG.OBJ
C:\USERS\최서율\DROPBOX\OPENSOURCE\PROJECTFILE\OPENSOURCE\ZIARP\DEBUG\OP_LIST.OBJ
C:\USERS\최서율\DROPBOX\OPENSOURCE\PROJECTFILE\OPENSOURCE\ZIARP\DEBUG\OPENDEVICE.OBJ
C:\USERS\최서율\DROPBOX\OPENSOURCE\PROJECTFILE\OPENSOURCE\ZIARP\DEBUG\OUI.OBJ
C:\USERS\최서율\DROPBOX\OPENSOURCE\PROJECTFILE\OPENSOURCE\ZIARP\DEBUG\VC100.PDB
C:\USERS\최서율\DROPBOX\OPENSOURCE\PROJECTFILE\OPENSOURCE\ZIARP\DEBUG\ZIARP.EXE.EMBED.MANIFEST.RES
C:\USERS\최서율\DROPBOX\OPENSOURCE\PROJECTFILE\OPENSOURCE\ZIARP\DEBUG\ZIARP.EXE.INTERMEDIATE.MANIFEST
C:\USERS\최서율\DROPBOX\OPENSOURCE\PROJECTFILE\OPENSOURCE\ZIARP\DEBUG\ZIARP.RES
